Determining if the pthread_create exist failed with the following output:
Change Dir: /home/maus/homeworks/iu10/lab-01-parser/cmake-build-debug/CMakeFiles/CMakeTmp

Run Build Command(s):/usr/bin/make cmTC_770e6/fast 
/usr/bin/make -f CMakeFiles/cmTC_770e6.dir/build.make CMakeFiles/cmTC_770e6.dir/build
make[1]: вход в каталог «/home/maus/homeworks/iu10/lab-01-parser/cmake-build-debug/CMakeFiles/CMakeTmp»
Building C object CMakeFiles/cmTC_770e6.dir/CheckSymbolExists.c.o
/usr/bin/cc    -o CMakeFiles/cmTC_770e6.dir/CheckSymbolExists.c.o   -c /home/maus/homeworks/iu10/lab-01-parser/cmake-build-debug/CMakeFiles/CMakeTmp/CheckSymbolExists.c
Linking C executable cmTC_770e6
/home/maus/jetbrains/clion-2019.1.3/bin/cmake/linux/bin/cmake -E cmake_link_script CMakeFiles/cmTC_770e6.dir/link.txt --verbose=1
/usr/bin/cc      CMakeFiles/cmTC_770e6.dir/CheckSymbolExists.c.o  -o cmTC_770e6 
CMakeFiles/cmTC_770e6.dir/CheckSymbolExists.c.o: In function `main':
CheckSymbolExists.c:(.text+0x1b): undefined reference to `pthread_create'
collect2: error: ld returned 1 exit status
CMakeFiles/cmTC_770e6.dir/build.make:86: recipe for target 'cmTC_770e6' failed
make[1]: *** [cmTC_770e6] Error 1
make[1]: выход из каталога «/home/maus/homeworks/iu10/lab-01-parser/cmake-build-debug/CMakeFiles/CMakeTmp»
Makefile:121: recipe for target 'cmTC_770e6/fast' failed
make: *** [cmTC_770e6/fast] Error 2

File /home/maus/homeworks/iu10/lab-01-parser/cmake-build-debug/CMakeFiles/CMakeTmp/CheckSymbolExists.c:
/* */
#include <pthread.h>

int main(int argc, char** argv)
{
  (void)argv;
#ifndef pthread_create
  return ((int*)(&pthread_create))[argc];
#else
  (void)argc;
  return 0;
#endif
}

Determining if the function pthread_create exists in the pthreads failed with the following output:
Change Dir: /home/maus/homeworks/iu10/lab-01-parser/cmake-build-debug/CMakeFiles/CMakeTmp

Run Build Command(s):/usr/bin/make cmTC_59883/fast 
/usr/bin/make -f CMakeFiles/cmTC_59883.dir/build.make CMakeFiles/cmTC_59883.dir/build
make[1]: вход в каталог «/home/maus/homeworks/iu10/lab-01-parser/cmake-build-debug/CMakeFiles/CMakeTmp»
Building C object CMakeFiles/cmTC_59883.dir/CheckFunctionExists.c.o
/usr/bin/cc   -DCHECK_FUNCTION_EXISTS=pthread_create   -o CMakeFiles/cmTC_59883.dir/CheckFunctionExists.c.o   -c /home/maus/jetbrains/clion-2019.1.3/bin/cmake/linux/share/cmake-3.14/Modules/CheckFunctionExists.c
Linking C executable cmTC_59883
/home/maus/jetbrains/clion-2019.1.3/bin/cmake/linux/bin/cmake -E cmake_link_script CMakeFiles/cmTC_59883.dir/link.txt --verbose=1
/usr/bin/cc  -DCHECK_FUNCTION_EXISTS=pthread_create    CMakeFiles/cmTC_59883.dir/CheckFunctionExists.c.o  -o cmTC_59883 -lpthreads 
/usr/bin/ld: cannot find -lpthreads
collect2: error: ld returned 1 exit status
CMakeFiles/cmTC_59883.dir/build.make:86: recipe for target 'cmTC_59883' failed
make[1]: *** [cmTC_59883] Error 1
make[1]: выход из каталога «/home/maus/homeworks/iu10/lab-01-parser/cmake-build-debug/CMakeFiles/CMakeTmp»
Makefile:121: recipe for target 'cmTC_59883/fast' failed
make: *** [cmTC_59883/fast] Error 2


